<?xml version="1.0" encoding="UTF-8"?>
<!-- Generated by org.testng.reporters.JUnitXMLReporter -->
<testsuite hostname="Me-PC" name="Default test" tests="3" failures="0" timestamp="29 Nov 2020 18:31:52 GMT" time="103.839" errors="0">
  <testcase name="validateCreateNewContact" time="13.001" classname="com.crm.qa.testcases.TC_Contacts_003"/>
  <testcase name="validateCreateNewContact" time="12.893" classname="com.crm.qa.testcases.TC_Contacts_003"/>
  <testcase name="validateCreateNewContact" time="13.58" classname="com.crm.qa.testcases.TC_Contacts_003"/>
</testsuite> <!-- Default test -->
