<?xml version="1.0" encoding="UTF-8"?>
<!-- Generated by org.testng.reporters.JUnitXMLReporter -->
<testsuite hostname="Me-PC" name="Default test" tests="3" failures="0" timestamp="1 Dec 2020 13:07:29 GMT" time="108.992" errors="0">
  <testcase name="validateCreateNewContact" time="14.706" classname="com.crm.qa.testcases.TC_Contacts_003"/>
  <testcase name="validateCreateNewContact" time="13.73" classname="com.crm.qa.testcases.TC_Contacts_003"/>
  <testcase name="validateCreateNewContact" time="16.284" classname="com.crm.qa.testcases.TC_Contacts_003"/>
</testsuite> <!-- Default test -->
