<?xml version="1.0" encoding="UTF-8"?>
<!-- Generated by org.testng.reporters.JUnitXMLReporter -->
<testsuite hostname="Me-PC" name="Free CRM App Test Cases" tests="11" failures="0" timestamp="27 Nov 2020 18:53:51 GMT" time="179.63" errors="0">
  <testcase name="loginPageTitleTest" time="0.06" classname="com.crm.qa.testcases.TC_Login_001"/>
  <testcase name="crmLogoImageTest" time="0.361" classname="com.crm.qa.testcases.TC_Login_001"/>
  <testcase name="loginTest" time="4.689" classname="com.crm.qa.testcases.TC_Login_001"/>
  <testcase name="homePageTitleTest" time="0.022" classname="com.crm.qa.testcases.TC_Home_002"/>
  <testcase name="validateUserNameTest" time="0.367" classname="com.crm.qa.testcases.TC_Home_002"/>
  <testcase name="contactsPageLinkTest" time="3.012" classname="com.crm.qa.testcases.TC_Home_002"/>
  <testcase name="dealsPageLinkTest" time="4.008" classname="com.crm.qa.testcases.TC_Home_002"/>
  <testcase name="tasksPageLinkTest" time="3.646" classname="com.crm.qa.testcases.TC_Home_002"/>
  <testcase name="validateContactsPageLabelTest" time="0.249" classname="com.crm.qa.testcases.TC_Contacts_003"/>
  <testcase name="selectContactsTest" time="0.213" classname="com.crm.qa.testcases.TC_Contacts_003"/>
  <testcase name="selectMultipleContactsTest" time="0.256" classname="com.crm.qa.testcases.TC_Contacts_003"/>
</testsuite> <!-- Free CRM App Test Cases -->
