<?xml version="1.0" encoding="UTF-8"?>
<!-- Generated by org.testng.reporters.JUnitXMLReporter -->
<testsuite hostname="Me-PC" name="Free CRM App Test Cases" tests="11" failures="0" timestamp="1 Dec 2020 16:03:01 GMT" time="231.051" errors="0">
  <testcase name="loginPageTitleTest" time="0.068" classname="com.crm.qa.testcases.TC_Login_001"/>
  <testcase name="crmLogoImageTest" time="0.415" classname="com.crm.qa.testcases.TC_Login_001"/>
  <testcase name="loginTest" time="5.158" classname="com.crm.qa.testcases.TC_Login_001"/>
  <testcase name="homePageTitleTest" time="0.032" classname="com.crm.qa.testcases.TC_Home_002"/>
  <testcase name="validateUserNameTest" time="0.11" classname="com.crm.qa.testcases.TC_Home_002"/>
  <testcase name="contactsPageLinkTest" time="3.918" classname="com.crm.qa.testcases.TC_Home_002"/>
  <testcase name="dealsPageLinkTest" time="2.989" classname="com.crm.qa.testcases.TC_Home_002"/>
  <testcase name="tasksPageLinkTest" time="5.303" classname="com.crm.qa.testcases.TC_Home_002"/>
  <testcase name="validateCreateNewContact" time="15.519" classname="com.crm.qa.testcases.TC_Contacts_003"/>
  <testcase name="validateCreateNewContact" time="15.434" classname="com.crm.qa.testcases.TC_Contacts_003"/>
  <testcase name="validateCreateNewContact" time="16.923" classname="com.crm.qa.testcases.TC_Contacts_003"/>
</testsuite> <!-- Free CRM App Test Cases -->
